<?xml version="1.0" encoding="UTF-8"?>
<!-- Generated by org.testng.reporters.JUnitReportReporter -->
<testsuite hostname="HOME-PC" failures="0" tests="3" name="QAA" time="0.943" errors="0" timestamp="2022-06-23T23:21:36 MSK" skipped="0">
  <testcase classname="QAA" name="filmDirector" time="0.711"/>
  <system-out/>
  <testcase classname="QAA" name="filmTitle" time="0.120"/>
  <system-out/>
  <testcase classname="QAA" name="filmYear" time="0.112"/>
  <system-out/>
</testsuite> <!-- QAA -->
